<?xml version="1.0" encoding="UTF-8"?>
<!-- Generated by org.testng.reporters.JUnitReportReporter -->
<testsuite hostname="MT" failures="0" tests="9" name="com.TESTCASE.Test_FormSubmisstion" time="21.235" errors="0" timestamp="2024-11-26T11:50:09 ICT" skipped="0">
  <testcase classname="com.TESTCASE.Test_FormSubmisstion" name="TC01_isPageLoadedSuccessfully" time="3.373"/>
  <testcase classname="com.TESTCASE.Test_FormSubmisstion" name="TC01_isPageLoadedSuccessfully" time="2.964"/>
  <testcase classname="com.TESTCASE.Test_FormSubmisstion" name="TC01_isPageLoadedSuccessfully" time="2.484"/>
  <testcase classname="com.TESTCASE.Test_FormSubmisstion" name="TC02_isMessageDisplayedAfterSubmittingForm" time="4.027"/>
  <testcase classname="com.TESTCASE.Test_FormSubmisstion" name="TC02_isMessageDisplayedAfterSubmittingForm" time="4.291"/>
  <testcase classname="com.TESTCASE.Test_FormSubmisstion" name="TC02_isMessageDisplayedAfterSubmittingForm" time="4.045"/>
  <testcase classname="com.TESTCASE.Test_FormSubmisstion" name="TC03_isContentMessageAsRequirement" time="0.014"/>
  <testcase classname="com.TESTCASE.Test_FormSubmisstion" name="TC03_isContentMessageAsRequirement" time="0.016"/>
  <testcase classname="com.TESTCASE.Test_FormSubmisstion" name="TC03_isContentMessageAsRequirement" time="0.021"/>
</testsuite> <!-- com.TESTCASE.Test_FormSubmisstion -->
